-- The C compiler identification is GNU 11.4.0
-- The CXX compiler identification is GNU 11.4.0
-- Detecting C compiler ABI info
-- Detecting C compiler ABI info - done
-- Check for working C compiler: /usr/bin/cc - skipped
-- Detecting C compile features
-- Detecting C compile features - done
-- Detecting CXX compiler ABI info
-- Detecting CXX compiler ABI info - done
-- Check for working CXX compiler: /usr/bin/c++ - skipped
-- Detecting CXX compile features
-- Detecting CXX compile features - done
-- Found ament_cmake: 1.3.11 (/opt/ros/humble/share/ament_cmake/cmake)
-- Found Python3: /usr/bin/python3 (found version "3.10.12") found components: Interpreter 
-- Found rclcpp: 16.0.11 (/opt/ros/humble/share/rclcpp/cmake)
-- Found rosidl_generator_c: 3.1.6 (/opt/ros/humble/share/rosidl_generator_c/cmake)
-- Found rosidl_adapter: 3.1.6 (/opt/ros/humble/share/rosidl_adapter/cmake)
-- Found rosidl_generator_cpp: 3.1.6 (/opt/ros/humble/share/rosidl_generator_cpp/cmake)
-- Using all available rosidl_typesupport_c: rosidl_typesupport_fastrtps_c;rosidl_typesupport_introspection_c
-- Using all available rosidl_typesupport_cpp: rosidl_typesupport_fastrtps_cpp;rosidl_typesupport_introspection_cpp
-- Found rmw_implementation_cmake: 6.1.2 (/opt/ros/humble/share/rmw_implementation_cmake/cmake)
-- Found rmw_fastrtps_cpp: 6.2.7 (/opt/ros/humble/share/rmw_fastrtps_cpp/cmake)
-- Found OpenSSL: /usr/lib/x86_64-linux-gnu/libcrypto.so (found version "3.0.2")  
-- Found FastRTPS: /opt/ros/humble/include  
-- Using RMW implementation 'rmw_fastrtps_cpp' as default
-- Looking for pthread.h
-- Looking for pthread.h - found
-- Performing Test CMAKE_HAVE_LIBC_PTHREAD
-- Performing Test CMAKE_HAVE_LIBC_PTHREAD - Success
-- Found Threads: TRUE  
-- Configuring done
-- Generating done
-- Build files have been written to: /home/sparsh/ros2_chat/build/ros2_chat
[ 50%] [32mBuilding CXX object CMakeFiles/chat_subscriber.dir/src/chat_subscriber.cpp.o[0m
[ 50%] [32mBuilding CXX object CMakeFiles/chat_publisher.dir/src/chat_publisher.cpp.o[0m
[ 75%] [32m[1mLinking CXX executable chat_publisher[0m
[ 75%] Built target chat_publisher
[100%] [32m[1mLinking CXX executable chat_subscriber[0m
[100%] Built target chat_subscriber
-- Install configuration: ""
-- Installing: /home/sparsh/ros2_chat/install/ros2_chat/lib/ros2_chat/chat_publisher
-- Set runtime path of "/home/sparsh/ros2_chat/install/ros2_chat/lib/ros2_chat/chat_publisher" to ""
-- Installing: /home/sparsh/ros2_chat/install/ros2_chat/lib/ros2_chat/chat_subscriber
-- Set runtime path of "/home/sparsh/ros2_chat/install/ros2_chat/lib/ros2_chat/chat_subscriber" to ""
-- Installing: /home/sparsh/ros2_chat/install/ros2_chat/share/ament_index/resource_index/package_run_dependencies/ros2_chat
-- Installing: /home/sparsh/ros2_chat/install/ros2_chat/share/ament_index/resource_index/parent_prefix_path/ros2_chat
-- Installing: /home/sparsh/ros2_chat/install/ros2_chat/share/ros2_chat/environment/ament_prefix_path.sh
-- Installing: /home/sparsh/ros2_chat/install/ros2_chat/share/ros2_chat/environment/ament_prefix_path.dsv
-- Installing: /home/sparsh/ros2_chat/install/ros2_chat/share/ros2_chat/environment/path.sh
-- Installing: /home/sparsh/ros2_chat/install/ros2_chat/share/ros2_chat/environment/path.dsv
-- Installing: /home/sparsh/ros2_chat/install/ros2_chat/share/ros2_chat/local_setup.bash
-- Installing: /home/sparsh/ros2_chat/install/ros2_chat/share/ros2_chat/local_setup.sh
-- Installing: /home/sparsh/ros2_chat/install/ros2_chat/share/ros2_chat/local_setup.zsh
-- Installing: /home/sparsh/ros2_chat/install/ros2_chat/share/ros2_chat/local_setup.dsv
-- Installing: /home/sparsh/ros2_chat/install/ros2_chat/share/ros2_chat/package.dsv
-- Installing: /home/sparsh/ros2_chat/install/ros2_chat/share/ament_index/resource_index/packages/ros2_chat
-- Installing: /home/sparsh/ros2_chat/install/ros2_chat/share/ros2_chat/cmake/ros2_chatConfig.cmake
-- Installing: /home/sparsh/ros2_chat/install/ros2_chat/share/ros2_chat/cmake/ros2_chatConfig-version.cmake
-- Installing: /home/sparsh/ros2_chat/install/ros2_chat/share/ros2_chat/package.xml
